<?xml version="1.0" encoding="UTF-8"?>
<testng-results skipped="0" failed="2" ignored="0" total="7" passed="5">
  <reporter-output>
  </reporter-output>
  <suite name="Default suite" duration-ms="9358" started-at="2020-08-07T18:41:43 CDT" finished-at="2020-08-07T18:41:53 CDT">
    <groups>
    </groups>
    <test name="Default test" duration-ms="9358" started-at="2020-08-07T18:41:43 CDT" finished-at="2020-08-07T18:41:53 CDT">
      <class name="com.qa.darksky.net.test.HomePageTest">
        <test-method status="PASS" signature="Setup()[pri:0, instance:com.qa.darksky.net.test.HomePageTest@31024624]" name="Setup" is-config="true" duration-ms="7515" started-at="2020-08-07T18:41:43 CDT" finished-at="2020-08-07T18:41:51 CDT">
          <reporter-output>
          </reporter-output>
        </test-method> <!-- Setup -->
        <test-method status="PASS" signature="clickToday()[pri:1, instance:com.qa.darksky.net.test.HomePageTest@31024624]" name="clickToday" duration-ms="982" started-at="2020-08-07T18:41:51 CDT" finished-at="2020-08-07T18:41:52 CDT">
          <reporter-output>
          </reporter-output>
        </test-method> <!-- clickToday -->
        <test-method status="PASS" signature="verifyHomeaPageTitle()[pri:2, instance:com.qa.darksky.net.test.HomePageTest@31024624]" name="verifyHomeaPageTitle" duration-ms="22" started-at="2020-08-07T18:41:52 CDT" finished-at="2020-08-07T18:41:52 CDT">
          <reporter-output>
          </reporter-output>
        </test-method> <!-- verifyHomeaPageTitle -->
        <test-method status="PASS" signature="getTempeList()[pri:3, instance:com.qa.darksky.net.test.HomePageTest@31024624]" name="getTempeList" duration-ms="264" started-at="2020-08-07T18:41:52 CDT" finished-at="2020-08-07T18:41:52 CDT">
          <reporter-output>
          </reporter-output>
        </test-method> <!-- getTempeList -->
        <test-method status="PASS" signature="minTempe()[pri:4, instance:com.qa.darksky.net.test.HomePageTest@31024624]" name="minTempe" duration-ms="9" started-at="2020-08-07T18:41:52 CDT" finished-at="2020-08-07T18:41:52 CDT">
          <reporter-output>
          </reporter-output>
        </test-method> <!-- minTempe -->
        <test-method status="PASS" signature="maxTempe()[pri:5, instance:com.qa.darksky.net.test.HomePageTest@31024624]" name="maxTempe" duration-ms="4" started-at="2020-08-07T18:41:52 CDT" finished-at="2020-08-07T18:41:52 CDT">
          <reporter-output>
          </reporter-output>
        </test-method> <!-- maxTempe -->
        <test-method status="FAIL" signature="verifyMinTempe()[pri:6, instance:com.qa.darksky.net.test.HomePageTest@31024624]" name="verifyMinTempe" duration-ms="74" started-at="2020-08-07T18:41:52 CDT" finished-at="2020-08-07T18:41:53 CDT">
          <exception class="org.openqa.selenium.InvalidSelectorException">
            <message>
              <![CDATA[invalid selector: Unable to locate an element with the xpath expression //a[@data-day=‘0’]//span[@class=‘minTemp’] because of the following error:
SyntaxError: Failed to execute 'evaluate' on 'Document': The string '//a[@data-day=‘0’]//span[@class=‘minTemp’]' is not a valid XPath expression.
  (Session info: chrome=84.0.4147.105)
For documentation on this error, please visit: https://www.seleniumhq.org/exceptions/invalid_selector_exception.html
Build info: version: '3.141.59', revision: 'e82be7d358', time: '2018-11-14T08:17:03'
System info: host: 'Fatihs-MBP', ip: '2605:6000:151b:1777:0:0:0:df4%en0', os.name: 'Mac OS X', os.arch: 'x86_64', os.version: '10.15.6', java.version: '1.8.0_251'
Driver info: org.openqa.selenium.chrome.ChromeDriver
Capabilities {acceptInsecureCerts: false, browserName: chrome, browserVersion: 84.0.4147.105, chrome: {chromedriverVersion: 84.0.4147.30 (48b3e868b4cc0..., userDataDir: /var/folders/v3/3g6n88ks6cb...}, goog:chromeOptions: {debuggerAddress: localhost:53047}, javascriptEnabled: true, networkConnectionEnabled: false, pageLoadStrategy: normal, platform: MAC, platformName: MAC, proxy: Proxy(), setWindowRect: true, strictFileInteractability: false, timeouts: {implicit: 0, pageLoad: 300000, script: 30000}, unhandledPromptBehavior: dismiss and notify, webauthn:virtualAuthenticators: true}
Session ID: f917fbd4356b8c827d9e6e6c7ac1209b
*** Element info: {Using=xpath, value=//a[@data-day=‘0’]//span[@class=‘minTemp’]}]]>
            </message>
            <full-stacktrace>
              <![CDATA[org.openqa.selenium.InvalidSelectorException: invalid selector: Unable to locate an element with the xpath expression //a[@data-day=‘0’]//span[@class=‘minTemp’] because of the following error:
SyntaxError: Failed to execute 'evaluate' on 'Document': The string '//a[@data-day=‘0’]//span[@class=‘minTemp’]' is not a valid XPath expression.
  (Session info: chrome=84.0.4147.105)
For documentation on this error, please visit: https://www.seleniumhq.org/exceptions/invalid_selector_exception.html
Build info: version: '3.141.59', revision: 'e82be7d358', time: '2018-11-14T08:17:03'
System info: host: 'Fatihs-MBP', ip: '2605:6000:151b:1777:0:0:0:df4%en0', os.name: 'Mac OS X', os.arch: 'x86_64', os.version: '10.15.6', java.version: '1.8.0_251'
Driver info: org.openqa.selenium.chrome.ChromeDriver
Capabilities {acceptInsecureCerts: false, browserName: chrome, browserVersion: 84.0.4147.105, chrome: {chromedriverVersion: 84.0.4147.30 (48b3e868b4cc0..., userDataDir: /var/folders/v3/3g6n88ks6cb...}, goog:chromeOptions: {debuggerAddress: localhost:53047}, javascriptEnabled: true, networkConnectionEnabled: false, pageLoadStrategy: normal, platform: MAC, platformName: MAC, proxy: Proxy(), setWindowRect: true, strictFileInteractability: false, timeouts: {implicit: 0, pageLoad: 300000, script: 30000}, unhandledPromptBehavior: dismiss and notify, webauthn:virtualAuthenticators: true}
Session ID: f917fbd4356b8c827d9e6e6c7ac1209b
*** Element info: {Using=xpath, value=//a[@data-day=‘0’]//span[@class=‘minTemp’]}
at sun.reflect.NativeConstructorAccessorImpl.newInstance0(Native Method)
at sun.reflect.NativeConstructorAccessorImpl.newInstance(NativeConstructorAccessorImpl.java:62)
at sun.reflect.DelegatingConstructorAccessorImpl.newInstance(DelegatingConstructorAccessorImpl.java:45)
at java.lang.reflect.Constructor.newInstance(Constructor.java:423)
at org.openqa.selenium.remote.http.W3CHttpResponseCodec.createException(W3CHttpResponseCodec.java:187)
at org.openqa.selenium.remote.http.W3CHttpResponseCodec.decode(W3CHttpResponseCodec.java:122)
at org.openqa.selenium.remote.http.W3CHttpResponseCodec.decode(W3CHttpResponseCodec.java:49)
at org.openqa.selenium.remote.HttpCommandExecutor.execute(HttpCommandExecutor.java:158)
at org.openqa.selenium.remote.service.DriverCommandExecutor.execute(DriverCommandExecutor.java:83)
at org.openqa.selenium.remote.RemoteWebDriver.execute(RemoteWebDriver.java:552)
at org.openqa.selenium.remote.RemoteWebDriver.findElement(RemoteWebDriver.java:323)
at org.openqa.selenium.remote.RemoteWebDriver.findElementByXPath(RemoteWebDriver.java:428)
at org.openqa.selenium.By$ByXPath.findElement(By.java:353)
at org.openqa.selenium.remote.RemoteWebDriver.findElement(RemoteWebDriver.java:315)
at com.qa.darksky.net.page.HomePage.verifyMin(HomePage.java:81)
at com.qa.darksky.net.test.HomePageTest.verifyMinTempe(HomePageTest.java:67)
at sun.reflect.NativeMethodAccessorImpl.invoke0(Native Method)
at sun.reflect.NativeMethodAccessorImpl.invoke(NativeMethodAccessorImpl.java:62)
at sun.reflect.DelegatingMethodAccessorImpl.invoke(DelegatingMethodAccessorImpl.java:43)
at java.lang.reflect.Method.invoke(Method.java:498)
at org.testng.internal.MethodInvocationHelper.invokeMethod(MethodInvocationHelper.java:135)
at org.testng.internal.TestInvoker.invokeMethod(TestInvoker.java:598)
at org.testng.internal.TestInvoker.invokeTestMethod(TestInvoker.java:174)
at org.testng.internal.MethodRunner.runInSequence(MethodRunner.java:46)
at org.testng.internal.TestInvoker$MethodInvocationAgent.invoke(TestInvoker.java:821)
at org.testng.internal.TestInvoker.invokeTestMethods(TestInvoker.java:147)
at org.testng.internal.TestMethodWorker.invokeTestMethods(TestMethodWorker.java:146)
at org.testng.internal.TestMethodWorker.run(TestMethodWorker.java:128)
at java.util.ArrayList.forEach(ArrayList.java:1257)
at org.testng.TestRunner.privateRun(TestRunner.java:767)
at org.testng.TestRunner.run(TestRunner.java:588)
at org.testng.SuiteRunner.runTest(SuiteRunner.java:384)
at org.testng.SuiteRunner.runSequentially(SuiteRunner.java:378)
at org.testng.SuiteRunner.privateRun(SuiteRunner.java:337)
at org.testng.SuiteRunner.run(SuiteRunner.java:286)
at org.testng.SuiteRunnerWorker.runSuite(SuiteRunnerWorker.java:53)
at org.testng.SuiteRunnerWorker.run(SuiteRunnerWorker.java:96)
at org.testng.TestNG.runSuitesSequentially(TestNG.java:1214)
at org.testng.TestNG.runSuitesLocally(TestNG.java:1136)
at org.testng.TestNG.runSuites(TestNG.java:1066)
at org.testng.TestNG.run(TestNG.java:1034)
at org.testng.remote.AbstractRemoteTestNG.run(AbstractRemoteTestNG.java:115)
at org.testng.remote.RemoteTestNG.initAndRun(RemoteTestNG.java:251)
at org.testng.remote.RemoteTestNG.main(RemoteTestNG.java:77)
]]>
            </full-stacktrace>
          </exception> <!-- org.openqa.selenium.InvalidSelectorException -->
          <reporter-output>
          </reporter-output>
        </test-method> <!-- verifyMinTempe -->
        <test-method status="FAIL" signature="verifyMax()[pri:7, instance:com.qa.darksky.net.test.HomePageTest@31024624]" name="verifyMax" duration-ms="59" started-at="2020-08-07T18:41:53 CDT" finished-at="2020-08-07T18:41:53 CDT">
          <exception class="java.lang.AssertionError">
            <message>
              <![CDATA[expected [79] but found [80]]]>
            </message>
            <full-stacktrace>
              <![CDATA[java.lang.AssertionError: expected [79] but found [80]
at org.testng.Assert.fail(Assert.java:97)
at org.testng.Assert.assertEqualsImpl(Assert.java:136)
at org.testng.Assert.assertEquals(Assert.java:118)
at org.testng.Assert.assertEquals(Assert.java:839)
at org.testng.Assert.assertEquals(Assert.java:849)
at com.qa.darksky.net.test.HomePageTest.verifyMax(HomePageTest.java:75)
at sun.reflect.NativeMethodAccessorImpl.invoke0(Native Method)
at sun.reflect.NativeMethodAccessorImpl.invoke(NativeMethodAccessorImpl.java:62)
at sun.reflect.DelegatingMethodAccessorImpl.invoke(DelegatingMethodAccessorImpl.java:43)
at java.lang.reflect.Method.invoke(Method.java:498)
at org.testng.internal.MethodInvocationHelper.invokeMethod(MethodInvocationHelper.java:135)
at org.testng.internal.TestInvoker.invokeMethod(TestInvoker.java:598)
at org.testng.internal.TestInvoker.invokeTestMethod(TestInvoker.java:174)
at org.testng.internal.MethodRunner.runInSequence(MethodRunner.java:46)
at org.testng.internal.TestInvoker$MethodInvocationAgent.invoke(TestInvoker.java:821)
at org.testng.internal.TestInvoker.invokeTestMethods(TestInvoker.java:147)
at org.testng.internal.TestMethodWorker.invokeTestMethods(TestMethodWorker.java:146)
at org.testng.internal.TestMethodWorker.run(TestMethodWorker.java:128)
at java.util.ArrayList.forEach(ArrayList.java:1257)
at org.testng.TestRunner.privateRun(TestRunner.java:767)
at org.testng.TestRunner.run(TestRunner.java:588)
at org.testng.SuiteRunner.runTest(SuiteRunner.java:384)
at org.testng.SuiteRunner.runSequentially(SuiteRunner.java:378)
at org.testng.SuiteRunner.privateRun(SuiteRunner.java:337)
at org.testng.SuiteRunner.run(SuiteRunner.java:286)
at org.testng.SuiteRunnerWorker.runSuite(SuiteRunnerWorker.java:53)
at org.testng.SuiteRunnerWorker.run(SuiteRunnerWorker.java:96)
at org.testng.TestNG.runSuitesSequentially(TestNG.java:1214)
at org.testng.TestNG.runSuitesLocally(TestNG.java:1136)
at org.testng.TestNG.runSuites(TestNG.java:1066)
at org.testng.TestNG.run(TestNG.java:1034)
at org.testng.remote.AbstractRemoteTestNG.run(AbstractRemoteTestNG.java:115)
at org.testng.remote.RemoteTestNG.initAndRun(RemoteTestNG.java:251)
at org.testng.remote.RemoteTestNG.main(RemoteTestNG.java:77)
]]>
            </full-stacktrace>
          </exception> <!-- java.lang.AssertionError -->
          <reporter-output>
          </reporter-output>
        </test-method> <!-- verifyMax -->
      </class> <!-- com.qa.darksky.net.test.HomePageTest -->
    </test> <!-- Default test -->
  </suite> <!-- Default suite -->
</testng-results>
